<?xml version="1.0" encoding="UTF-8"?>
<!-- Generated by org.testng.reporters.JUnitReportReporter -->
<testsuite hostname="DBITLAP0701" failures="0" tests="2" name="cucumberTests.CucumberTestRunner" time="32.362" errors="0" timestamp="2025-12-09T07:41:12 IST" skipped="0">
  <testcase classname="cucumberTests.CucumberTestRunner" name="runScenario" time="16.434"/>
  <system-out/>
  <testcase classname="cucumberTests.CucumberTestRunner" name="runScenario" time="15.928"/>
  <system-out/>
</testsuite> <!-- cucumberTests.CucumberTestRunner -->
